<?xml version="1.0" encoding="UTF-8"?>
<!-- Generated by org.testng.reporters.JUnitReportReporter -->
<testsuite hostname="appium" failures="0" tests="5" name="framework_testng.DP.DP_Test" time="0.010" errors="0" timestamp="03 Mar 2019 07:39:16 GMT" skipped="1">
  <testcase classname="framework_testng.DP.DP_Test" name="EmployeeInfo" time="0.007"/>
  <testcase classname="framework_testng.DP.DP_Test" name="EmployeeInfo" time="0.001"/>
  <testcase classname="framework_testng.DP.DP_Test" name="EmployeeInfo" time="0.001"/>
  <testcase classname="framework_testng.DP.DP_Test" name="EmployeeInfo" time="0.001"/>
  <testcase classname="framework_testng.DP.DP_Test" name="user_search">
    <skipped/>
  </testcase> <!-- user_search -->
</testsuite> <!-- framework_testng.DP.DP_Test -->
