<?xml version="1.0" encoding="UTF-8"?>
<!-- Generated by org.testng.reporters.JUnitReportReporter -->
<testsuite hostname="appium" failures="0" tests="1" name="framework_testng.TestSuite.Class1" time="0.010" errors="0" timestamp="03 Mar 2019 05:19:25 GMT" skipped="0">
  <testcase classname="framework_testng.TestSuite.Class1" name="tc002" time="0.010"/>
</testsuite> <!-- framework_testng.TestSuite.Class1 -->
