<?xml version="1.0" encoding="UTF-8"?>
<!-- Generated by org.testng.reporters.JUnitReportReporter -->
<testsuite hostname="appium" failures="0" tests="3" name="framework_testng.Method_priority" time="0.013" errors="0" timestamp="02 Mar 2019 10:58:48 GMT" skipped="0">
  <testcase classname="framework_testng.Method_priority" name="f" time="0.011"/>
  <testcase classname="framework_testng.Method_priority" name="x" time="0.001"/>
  <testcase classname="framework_testng.Method_priority" name="a" time="0.001"/>
</testsuite> <!-- framework_testng.Method_priority -->
