<?xml version="1.0" encoding="UTF-8"?>
<!-- Generated by org.testng.reporters.JUnitReportReporter -->
<testsuite hostname="appium" failures="0" tests="2" name="framework_testng.TestSuite.Class2" time="0.001" errors="0" timestamp="03 Mar 2019 05:19:25 GMT" skipped="0">
  <testcase classname="framework_testng.TestSuite.Class2" name="tc005" time="0.001"/>
  <testcase classname="framework_testng.TestSuite.Class2" name="tc006" time="0.000"/>
</testsuite> <!-- framework_testng.TestSuite.Class2 -->
