<?xml version="1.0" encoding="UTF-8"?>
<!-- Generated by org.testng.reporters.JUnitReportReporter -->
<testsuite hostname="appium" failures="0" tests="3" name="framework_testng.Suite_Parameter.Get_Parameters_From_Suite" time="9.010" errors="0" timestamp="03 Mar 2019 05:53:33 GMT" skipped="0">
  <testcase classname="framework_testng.Suite_Parameter.Get_Parameters_From_Suite" name="launch_browser" time="4.472"/>
  <testcase classname="framework_testng.Suite_Parameter.Get_Parameters_From_Suite" name="loadWebpage" time="3.857"/>
  <testcase classname="framework_testng.Suite_Parameter.Get_Parameters_From_Suite" name="User_login" time="0.681"/>
</testsuite> <!-- framework_testng.Suite_Parameter.Get_Parameters_From_Suite -->
