<?xml version="1.0" encoding="UTF-8"?>
<!-- Generated by org.testng.reporters.JUnitReportReporter -->
<testsuite hostname="appium" failures="0" tests="6" name="framework_testng.BeforeTest_and_AfterTest.TestSuite1" time="0.007" errors="0" timestamp="03 Mar 2019 05:38:19 GMT" skipped="0">
  <testcase classname="framework_testng.BeforeTest_and_AfterTest.TestSuite1" name="tc003" time="0.000"/>
  <testcase classname="framework_testng.BeforeTest_and_AfterTest.TestSuite1" name="tc001" time="0.001"/>
  <testcase classname="framework_testng.BeforeTest_and_AfterTest.TestSuite1" name="tc002" time="0.001"/>
  <testcase classname="framework_testng.BeforeTest_and_AfterTest.TestSuite1" name="tc001" time="0.004"/>
  <testcase classname="framework_testng.BeforeTest_and_AfterTest.TestSuite1" name="tc003" time="0.001"/>
  <testcase classname="framework_testng.BeforeTest_and_AfterTest.TestSuite1" name="tc002" time="0.000"/>
</testsuite> <!-- framework_testng.BeforeTest_and_AfterTest.TestSuite1 -->
