<?xml version="1.0" encoding="UTF-8"?>
<!-- Generated by org.testng.reporters.JUnitReportReporter -->
<testsuite hostname="appium" failures="0" tests="1" name="framework_testng.Groups.TestSuite2" time="0.000" errors="0" timestamp="03 Mar 2019 05:43:28 GMT" skipped="0">
  <testcase classname="framework_testng.Groups.TestSuite2" name="tc004" time="0.000"/>
</testsuite> <!-- framework_testng.Groups.TestSuite2 -->
