<?xml version="1.0" encoding="UTF-8"?>
<!-- Generated by org.testng.reporters.JUnitReportReporter -->
<testsuite hostname="appium" failures="0" tests="6" name="framework_testng.CrossBrowser.CrossBrowser_Test" time="43.301" errors="0" timestamp="03 Mar 2019 06:04:31 GMT" skipped="0">
  <testcase classname="framework_testng.CrossBrowser.CrossBrowser_Test" name="launchBrowser" time="2.587"/>
  <testcase classname="framework_testng.CrossBrowser.CrossBrowser_Test" name="launchBrowser" time="7.004"/>
  <testcase classname="framework_testng.CrossBrowser.CrossBrowser_Test" name="loadApp" time="5.324"/>
  <testcase classname="framework_testng.CrossBrowser.CrossBrowser_Test" name="loadApp" time="6.563"/>
  <testcase classname="framework_testng.CrossBrowser.CrossBrowser_Test" name="flight_search" time="11.438"/>
  <testcase classname="framework_testng.CrossBrowser.CrossBrowser_Test" name="flight_search" time="10.385"/>
</testsuite> <!-- framework_testng.CrossBrowser.CrossBrowser_Test -->
