<?xml version="1.0" encoding="UTF-8"?>
<!-- Generated by org.testng.reporters.JUnitReportReporter -->
<testsuite hostname="appium" failures="0" tests="3" name="framework_testng.MyTestng_class" time="0.010" errors="0" timestamp="02 Mar 2019 10:44:05 GMT" skipped="0">
  <testcase classname="framework_testng.MyTestng_class" name="tc001" time="0.008"/>
  <testcase classname="framework_testng.MyTestng_class" name="tc002" time="0.001"/>
  <testcase classname="framework_testng.MyTestng_class" name="tc003" time="0.001"/>
</testsuite> <!-- framework_testng.MyTestng_class -->
