<?xml version="1.0" encoding="UTF-8"?>
<!-- Generated by org.testng.reporters.JUnitReportReporter -->
<testsuite hostname="appium" failures="0" tests="3" name="framework_testng.Method_Ignore" time="0.009" errors="0" timestamp="02 Mar 2019 11:00:58 GMT" skipped="1">
  <testcase classname="framework_testng.Method_Ignore" name="f" time="0.008"/>
  <testcase classname="framework_testng.Method_Ignore" name="a" time="0.001"/>
  <testcase classname="framework_testng.Method_Ignore" name="x">
    <skipped/>
  </testcase> <!-- x -->
</testsuite> <!-- framework_testng.Method_Ignore -->
