<?xml version="1.0" encoding="UTF-8"?>
<!-- Generated by org.testng.reporters.JUnitReportReporter -->
<testsuite hostname="appium" failures="0" tests="2" name="framework_testng.Groups.TestSuite1" time="0.012" errors="0" timestamp="03 Mar 2019 05:43:28 GMT" skipped="0">
  <testcase classname="framework_testng.Groups.TestSuite1" name="tc003" time="0.002"/>
  <testcase classname="framework_testng.Groups.TestSuite1" name="tc001" time="0.010"/>
</testsuite> <!-- framework_testng.Groups.TestSuite1 -->
