<?xml version="1.0" encoding="UTF-8"?>
<!-- Generated by org.testng.reporters.JUnitReportReporter -->
<testsuite hostname="appium" failures="0" tests="1" name="framework_testng.BeforeTest_and_AfterTest.Test_For_Firefox" time="0.002" errors="0" timestamp="03 Mar 2019 05:38:19 GMT" skipped="0">
  <testcase classname="framework_testng.BeforeTest_and_AfterTest.Test_For_Firefox" name="login" time="0.002"/>
</testsuite> <!-- framework_testng.BeforeTest_and_AfterTest.Test_For_Firefox -->
