<?xml version="1.0" encoding="UTF-8"?>
<!-- Generated by org.testng.reporters.JUnitReportReporter -->
<testsuite hostname="appium" failures="0" tests="13" name="framework_testng.Invocation_Count" time="1.368" errors="0" timestamp="02 Mar 2019 11:19:10 GMT" skipped="0">
  <testcase classname="framework_testng.Invocation_Count" name="test1" time="0.099"/>
  <testcase classname="framework_testng.Invocation_Count" name="test1" time="0.103"/>
  <testcase classname="framework_testng.Invocation_Count" name="test1" time="0.093"/>
  <testcase classname="framework_testng.Invocation_Count" name="test1" time="0.092"/>
  <testcase classname="framework_testng.Invocation_Count" name="test1" time="0.101"/>
  <testcase classname="framework_testng.Invocation_Count" name="test1" time="0.152"/>
  <testcase classname="framework_testng.Invocation_Count" name="test1" time="0.109"/>
  <testcase classname="framework_testng.Invocation_Count" name="test1" time="0.097"/>
  <testcase classname="framework_testng.Invocation_Count" name="test1" time="0.093"/>
  <testcase classname="framework_testng.Invocation_Count" name="test1" time="0.100"/>
  <testcase classname="framework_testng.Invocation_Count" name="test1" time="0.099"/>
  <testcase classname="framework_testng.Invocation_Count" name="test1" time="0.112"/>
  <testcase classname="framework_testng.Invocation_Count" name="test1" time="0.118"/>
</testsuite> <!-- framework_testng.Invocation_Count -->
